Fri Apr 11 10:09:37 UTC 2025
Fri Apr 11 13:17:23 UTC 2025
Sat Apr 12 13:01:43 UTC 2025
Sun Apr 13 13:03:12 UTC 2025
Mon Apr 14 13:21:06 UTC 2025
Tue Apr 15 13:19:51 UTC 2025
Wed Apr 16 13:19:50 UTC 2025
Thu Apr 17 13:18:16 UTC 2025
Fri Apr 18 13:14:47 UTC 2025
Sat Apr 19 13:01:59 UTC 2025
Sun Apr 20 13:05:03 UTC 2025
Mon Apr 21 13:16:49 UTC 2025
Tue Apr 22 13:19:34 UTC 2025
Wed Apr 23 13:20:14 UTC 2025
Thu Apr 24 13:35:50 UTC 2025
Fri Apr 25 13:18:32 UTC 2025
Sat Apr 26 13:03:28 UTC 2025
Sun Apr 27 13:03:42 UTC 2025
Mon Apr 28 13:49:45 UTC 2025
Tue Apr 29 13:43:45 UTC 2025
Wed Apr 30 13:18:51 UTC 2025
Thu May  1 13:17:11 UTC 2025
Fri May  2 13:18:12 UTC 2025
Sat May  3 13:04:51 UTC 2025
Sun May  4 13:05:29 UTC 2025
Mon May  5 13:35:21 UTC 2025
Tue May  6 13:38:32 UTC 2025
Wed May  7 13:40:24 UTC 2025
